<?xml version="1.0" encoding="UTF-8"?>
<testsuite xmlns:xsi="http://www.w3.org/2001/XMLSchema-instance" xsi:noNamespaceSchemaLocation="https://maven.apache.org/surefire/maven-surefire-plugin/xsd/surefire-test-report.xsd" name="ProgramTest" time="0.043" tests="1" errors="0" skipped="0" failures="1">
  <properties>
[...]
</properties>
  <testcase name="testLabels" classname="ProgramTest" time="0.011">
    <failure message="expected:&lt;Nguyễn Nhật Lin[d]h&gt; but was:&lt;Nguyễn Nhật Lin[]h&gt;" type="org.junit.ComparisonFailure"><![CDATA[org.junit.ComparisonFailure: expected:<Nguyễn Nhật Lin[d]h> but was:<Nguyễn Nhật Lin[]h>
	at ProgramTest.testLabels(ProgramTest.java:19)
]]></failure>
  </testcase>
</testsuite>